  main.cpp
c:\users\aliden\documents\visual studio 2015\windowssockets\windowssockets\main.cpp(29): warning C4267: 'argument': conversion from 'size_t' to 'int', possible loss of data
c:\users\aliden\documents\visual studio 2015\windowssockets\windowssockets\main.cpp(30): warning C4267: 'argument': conversion from 'size_t' to 'int', possible loss of data
c:\users\aliden\documents\visual studio 2015\windowssockets\windowssockets\main.cpp(31): warning C4267: 'argument': conversion from 'size_t' to 'int', possible loss of data
c:\users\aliden\documents\visual studio 2015\windowssockets\windowssockets\main.cpp(32): warning C4267: 'argument': conversion from 'size_t' to 'int', possible loss of data
c:\users\aliden\documents\visual studio 2015\windowssockets\windowssockets\main.cpp(33): warning C4267: 'argument': conversion from 'size_t' to 'int', possible loss of data
c:\users\aliden\documents\visual studio 2015\windowssockets\windowssockets\main.cpp(34): warning C4267: 'argument': conversion from 'size_t' to 'int', possible loss of data
c:\users\aliden\documents\visual studio 2015\windowssockets\windowssockets\main.cpp(35): warning C4267: 'argument': conversion from 'size_t' to 'int', possible loss of data
c:\users\aliden\documents\visual studio 2015\windowssockets\windowssockets\main.cpp(36): warning C4267: 'argument': conversion from 'size_t' to 'int', possible loss of data
c:\users\aliden\documents\visual studio 2015\windowssockets\windowssockets\main.cpp(41): warning C4267: 'argument': conversion from 'size_t' to 'int', possible loss of data
c:\users\aliden\documents\visual studio 2015\windowssockets\windowssockets\main.cpp(42): warning C4267: 'argument': conversion from 'size_t' to 'int', possible loss of data
c:\users\aliden\documents\visual studio 2015\windowssockets\windowssockets\main.cpp(43): warning C4267: 'argument': conversion from 'size_t' to 'int', possible loss of data
c:\users\aliden\documents\visual studio 2015\windowssockets\windowssockets\main.cpp(44): warning C4267: 'argument': conversion from 'size_t' to 'int', possible loss of data
c:\users\aliden\documents\visual studio 2015\windowssockets\windowssockets\main.cpp(45): warning C4267: 'argument': conversion from 'size_t' to 'int', possible loss of data
c:\users\aliden\documents\visual studio 2015\windowssockets\windowssockets\main.cpp(46): warning C4267: 'argument': conversion from 'size_t' to 'int', possible loss of data
c:\users\aliden\documents\visual studio 2015\windowssockets\windowssockets\main.cpp(47): warning C4267: 'argument': conversion from 'size_t' to 'int', possible loss of data
c:\users\aliden\documents\visual studio 2015\windowssockets\windowssockets\main.cpp(48): warning C4267: 'argument': conversion from 'size_t' to 'int', possible loss of data
c:\users\aliden\documents\visual studio 2015\windowssockets\windowssockets\main.cpp(57): warning C4267: 'argument': conversion from 'size_t' to 'int', possible loss of data
c:\users\aliden\documents\visual studio 2015\windowssockets\windowssockets\main.cpp(183): warning C4267: 'argument': conversion from 'size_t' to 'int', possible loss of data
c:\users\aliden\documents\visual studio 2015\windowssockets\windowssockets\main.cpp(196): warning C4018: '<': signed/unsigned mismatch
c:\users\aliden\documents\visual studio 2015\windowssockets\windowssockets\main.cpp(381): warning C4267: 'argument': conversion from 'size_t' to 'int', possible loss of data
  WindowsSockets.vcxproj -> C:\Users\Aliden\Documents\Visual Studio 2015\WindowsSockets\x64\Debug\WindowsSockets.exe
  WindowsSockets.vcxproj -> C:\Users\Aliden\Documents\Visual Studio 2015\WindowsSockets\x64\Debug\WindowsSockets.pdb (Partial PDB)
